Arguments: 
  C:\Program Files\nodejs\node.exe C:\Program Files (x86)\Yarn\bin\yarn.js

PATH: 
  C:\Program Files\Docker\Docker\Resources\bin;c:\program files (x86)\graphicsmagick-1.3.25-q16;C:\ProgramData\Oracle\Java\javapath;C:\WINDOWS\system32;C:\WINDOWS;C:\WINDOWS\System32\Wbem;C:\WINDOWS\System32\WindowsPowerShell\v1.0\;C:\Program Files\Microsoft SQL Server\130\Tools\Binn\;C:\Program Files\Microsoft SQL Server\120\Tools\Binn\;C:\Users\eric.zhao\AppData\Roaming\nvm;C:\Program Files\nodejs;C:\Program Files\Mercurial\;C:\Program Files\Microsoft SQL Server\Client SDK\ODBC\130\Tools\Binn\;C:\Program Files (x86)\Microsoft SQL Server\130\Tools\Binn\;C:\Program Files\Microsoft SQL Server\130\DTS\Binn\;C:\Program Files (x86)\Microsoft SQL Server\Client SDK\ODBC\130\Tools\Binn\;C:\Program Files (x86)\Microsoft SQL Server\140\Tools\Binn\;C:\Program Files (x86)\Microsoft SQL Server\140\DTS\Binn\;C:\Program Files (x86)\Microsoft SQL Server\140\Tools\Binn\ManagementStudio\;C:\Program Files (x86)\GitExtensions\;C:\ProgramData\chocolatey\bin;C:\Program Files\dotnet\;C:\Program Files\Git\cmd;C:\Program Files (x86)\dotnet\;C:\WINDOWS\system32;C:\WINDOWS;C:\WINDOWS\System32\Wbem;C:\WINDOWS\System32\WindowsPowerShell\v1.0\;C:\Program Files\PuTTY\;C:\Program Files (x86)\Yarn\bin;C:\Users\eric.zhao\scoop\shims;C:\Program Files (x86)\Microsoft VS Code\bin;C:\Users\eric.zhao\AppData\Roaming\nvm;C:\Program Files\nodejs;C:\Program Files\IIS Express;C:\Users\eric.zhao\AppData\Local\atom\bin;C:\Users\eric.zhao\AppData\Roaming\Python\Scripts;C:\Program Files (x86)\UnxUtils\usr\local\wbin;C:\Users\eric.zhao\AppData\Local\Android\android-sdk\platform-tools;C:\Users\eric.zhao\Documents\Commands;C:\phantomjs\bin;C:\Users\eric.zhao\AppData\Local\Programs\Fiddler;C:\Program Files\Docker Toolbox;C:\Users\eric.zhao\AppData\Local\Microsoft\WindowsApps;C:\Python27;C:\Users\eric.zhao\AppData\Local\Yarn\bin

Yarn version: 
  1.2.1

Node version: 
  8.0.0

Platform: 
  win32 x64

npm manifest: 
  {
    "name": "f1-in-school",
    "description": "",
    "author": "",
    "license": "MIT",
    "version": "0.1.0",
    "repository": {
      "type": "git",
      "url": "git+https://github.com/ericyz/f1-in-school.git"
    },
    "bugs": {
      "url": "https://github.com/ericyz/f1-in-school/issues"
    },
    "homepage": "https://github.com/ericyz/f1-in-school#readme",
    "keywords": [
      "react",
      "isomorphic",
      "universal",
      "webpack",
      "express",
      "hot reloading",
      "react-hot-reloader",
      "redux",
      "starter",
      "boilerplate",
      "babel"
    ],
    "main": "bin/server.js",
    "scripts": {
      "start": "concurrent --kill-others \"npm run start-prod\" \"npm run start-prod-api\"",
      "start-prod": "better-npm-run start-prod",
      "start-prod-api": "better-npm-run start-prod-api",
      "build": "better-npm-run build",
      "postinstall": "npm run build",
      "lint": "eslint -c .eslintrc src api",
      "start-dev": "better-npm-run start-dev",
      "start-dev-api": "better-npm-run start-dev-api",
      "watch-client": "better-npm-run watch-client",
      "dev": "concurrent --kill-others \"npm run watch-client\" \"npm run start-dev\" \"npm run start-dev-api\"",
      "test": "karma start",
      "test-node": "./node_modules/mocha/bin/mocha $(find api -name '*-test.js') --compilers js:babel-core/register",
      "test-node-watch": "./node_modules/mocha/bin/mocha $(find api -name '*-test.js') --compilers js:babel-core/register --watch"
    },
    "betterScripts": {
      "start-prod": {
        "command": "node ./bin/server.js",
        "env": {
          "NODE_PATH": "./src",
          "NODE_ENV": "production",
          //"PORT": 8080,
          "APIPORT": 3030
        }
      },
      "start-prod-api": {
        "command": "node ./bin/api.js",
        "env": {
          "NODE_PATH": "./api",
          "NODE_ENV": "production",
          "APIPORT": 3030
        }
      },
      "start-dev": {
        "command": "node ./bin/server.js",
        "env": {
          "NODE_PATH": "./src",
          "NODE_ENV": "development",
          "PORT": 3000,
          "APIPORT": 3030
        }
      },
      "start-dev-api": {
        "command": "node ./bin/api.js",
        "env": {
          "NODE_PATH": "./api",
          "NODE_ENV": "development",
          "APIPORT": 3030
        }
      },
      "watch-client": {
        "command": "node webpack/webpack-dev-server.js",
        "env": {
          "UV_THREADPOOL_SIZE": 100,
          "NODE_PATH": "./src",
          "PORT": 3000,
          "APIPORT": 3030
        }
      },
      "build": {
        "command": "webpack --verbose --colors --display-error-details --config webpack/prod.config.js",
        "env": {
          "NODE_ENV": "production"
        }
      }
    },
    "dependencies": {
      "babel-core": "^6.5.2",
      "babel-loader": "^6.2.1",
      "babel-plugin-add-module-exports": "^0.1.2",
      "babel-plugin-transform-decorators-legacy": "^1.3.4",
      "babel-plugin-transform-react-display-name": "^6.3.13",
      "babel-plugin-transform-runtime": "^6.3.13",
      "babel-polyfill": "^6.3.14",
      "babel-preset-es2015": "^6.3.13",
      "babel-preset-react": "^6.3.13",
      "babel-preset-stage-0": "^6.3.13",
      "babel-register": "^6.3.13",
      "babel-runtime": "^6.3.19",
      "body-parser": "^1.14.1",
      "compression": "^1.6.0",
      "express": "^4.13.3",
      "express-session": "^1.12.1",
      "file-loader": "^0.8.5",
      "hoist-non-react-statics": "^1.0.3",
      "http-proxy": "^1.12.0",
      "immutable": "^3.8.1",
      "invariant": "^2.2.0",
      "less": "^2.5.3",
      "less-loader": "^2.2.1",
      "lru-memoize": "^1.0.0",
      "map-props": "^1.0.0",
      "multireducer": "^2.0.0",
      "piping": "^0.3.0",
      "pretty-error": "^1.2.0",
      "react": "0.14.8",
      "react-bootstrap": "^0.28.1",
      "react-dom": "0.14.8",
      "react-helmet": "^2.2.0",
      "react-inline-css": "^2.0.0",
      "react-redux": "^4.0.0",
      "react-router": "2.0.0",
      "react-router-bootstrap": "^0.20.1",
      "react-router-redux": "^4.0.0",
      "redux": "^3.0.4",
      "redux-async-connect": "^1.0.0-rc2",
      "redux-form": "^3.0.12",
      "redux-thunk": "^2.1.0",
      "scroll-behavior": "^0.3.2",
      "serialize-javascript": "^1.1.2",
      "serve-favicon": "^2.3.0",
      "socket.io": "^1.3.7",
      "socket.io-client": "^1.3.7",
      "superagent": "^1.4.0",
      "url-loader": "^0.5.7",
      "violet-paginator": "^1.8.1",
      "warning": "^2.1.0",
      "webpack-isomorphic-tools": "^2.2.18"
    },
    "devDependencies": {
      "autoprefixer-loader": "^3.1.0",
      "babel-eslint": "^5.0.0-beta6",
      "babel-plugin-react-transform": "^2.0.0",
      "babel-plugin-typecheck": "^3.6.0",
      "better-npm-run": "0.0.8",
      "bootstrap-sass": "^3.3.5",
      "bootstrap-sass-loader": "^1.0.9",
      "chai": "^3.3.0",
      "clean-webpack-plugin": "^0.1.6",
      "concurrently": "^0.1.1",
      "css-loader": "^0.23.1",
      "eslint": "1.10.3",
      "eslint-config-airbnb": "0.1.0",
      "eslint-loader": "^1.0.0",
      "eslint-plugin-import": "^0.8.0",
      "eslint-plugin-react": "^3.5.0",
      "extract-text-webpack-plugin": "^0.9.1",
      "font-awesome": "^4.4.0",
      "font-awesome-webpack": "0.0.4",
      "json-loader": "^0.5.4",
      "karma": "^0.13.10",
      "karma-cli": "^0.1.1",
      "karma-mocha": "^0.2.0",
      "karma-mocha-reporter": "^1.1.1",
      "karma-phantomjs-launcher": "^0.2.1",
      "karma-sourcemap-loader": "^0.3.5",
      "karma-webpack": "^1.7.0",
      "mocha": "^2.3.3",
      "node-sass": "^3.4.2",
      "phantomjs": "^1.9.18",
      "phantomjs-polyfill": "0.0.1",
      "react-a11y": "^0.2.6",
      "react-addons-test-utils": "0.14.8",
      "react-transform-catch-errors": "^1.0.0",
      "react-transform-hmr": "^1.0.1",
      "redbox-react": "^1.1.1",
      "redux-devtools": "^3.0.0-beta-3",
      "redux-devtools-dock-monitor": "^1.0.0-beta-3",
      "redux-devtools-log-monitor": "^1.0.0-beta-3",
      "sass-loader": "^3.1.2",
      "sinon": "^1.17.2",
      "strip-loader": "^0.1.0",
      "style-loader": "^0.13.0",
      "timekeeper": "0.0.5",
      "webpack": "^1.12.9",
      "webpack-dev-middleware": "^1.4.0",
      "webpack-hot-middleware": "^2.5.0"
    },
    "engines": {
      "node": "5.6.0"
    }
  }

yarn manifest: 
  No manifest

Lockfile: 
  No lockfile

Trace: 
  SyntaxError: C:\Projects\f1-school\f1-in-school\package.json: Unexpected token / in JSON at position 1611
      at JSON.parse (<anonymous>)
      at C:\Program Files (x86)\Yarn\lib\cli.js:770:59
      at Generator.next (<anonymous>)
      at step (C:\Program Files (x86)\Yarn\lib\cli.js:92:30)
      at C:\Program Files (x86)\Yarn\lib\cli.js:103:13
      at <anonymous>
